20220419	00:24:39	INFO	LOGIN	w@w	A user logged in	551927b6-81d7-4678-b5e8-918bc5f45eab
20220419	00:24:57	INFO	LOGIN	w@w	A user logged in	a83085e7-a455-4172-97e3-ef717655e9de
20220419	00:45:58	INFO	LOGIN	w@w	A user logged in	f98d4c51-36fa-496f-9225-d5cead9c3722
20220419	00:48:39	INFO	LOGIN	w@w	A user logged in	84ee070a-e44b-4dc1-bb54-c341d2ebabfa
20220419	00:49:58	INFO	LOGIN	w@w	A user logged in	e8b6d46c-20b4-4493-bbfd-44eadf3f9d15
20220419	00:50:00	INFO	LOGOUT	w@w	A user logged out	def2355f-6fd1-4fe4-8452-32d3eb4cfa0d
20220419	00:55:43	INFO	LOGIN	w@w	A user logged in	24641d75-a7e2-46f3-a8d7-d853f5d8f819
20220419	00:55:51	INFO	SEARCH	NASDAQ	A user searched!	1ae63ca6-20a6-4811-b6a6-87963e765686
20220419	00:56:13	INFO	LOGIN	w@w	A user logged in	3fd23f74-c68e-4dec-871a-58cb83e755b7
20220419	00:56:20	INFO	SEARCH	w@w	A user searched!	0be222e6-9c18-4fc4-bfd4-00f5f609cda1
20220419	00:56:40	INFO	LOGIN	w@w	A user logged in	caedf82e-5f00-43a6-af87-73f8b83fbe90
20220419	00:56:55	INFO	SEARCH	NASDAQ	A user searched!	68c92b83-6d65-44c3-98c7-948ad098f735
20220419	00:59:38	INFO	LOGIN	w@w	A user logged in	2607e1c0-82a0-4233-961e-364c7c9bd6fd
20220419	00:59:47	INFO	SEARCH	w@w	User searched forNASDAQ	c9a321ed-80c5-43dd-b1f9-9adb41f40356
20220419	00:59:59	INFO	LOGIN	w@w	A user logged in	ee62f404-2f56-4f6f-b896-2015788d14c7
20220419	01:00:04	INFO	SEARCH	w@w	User searched for NEWS	d54a547e-6339-46e3-aea3-be05e8933b3b
20220419	01:01:39	INFO	LOGIN	w@w	A user logged in	d22fbc6f-5b04-472e-ad6e-90ca6ef48dd8
20220419	01:01:43	ERROR	SEARCH	w@w	Error searching for fff	aacb6eb6-c9ac-4103-8b78-b0327c0347ae
20220419	01:02:00	INFO	SEARCH	w@w	User searched for NASDAQ	06a777da-39af-490f-b786-6ef7933e4b58
20220419	09:32:45	ERROR	LOGIN	w@w	Incorrect Email or Password Used	6aaa779e-a7be-4f48-967a-3c148947aa4e
20220419	09:32:48	INFO	LOGIN	w@w	A user logged in	6494833b-8200-470a-a833-d4629855874b
20220419	09:42:23	ERROR	LOGIN	w@w	Incorrect Email or Password Used	d91101c6-c08f-44ae-8031-42f7d0b6fe21
20220419	09:42:28	INFO	LOGIN	w@w	A user logged in	904706a3-c6f7-4029-a98d-e319cd4e8d17
20220419	09:58:41	INFO	LOGIN	ashley@gmail.com	A user logged in	a5a884a8-58da-4348-8cd3-3c3f0a2b5d20
20220419	10:06:16	INFO	LOGIN	ashley@gmail.com	A user logged in	37959ae4-21cb-4ecd-9c66-06a9f33270c7
20220419	10:06:25	INFO	LOGIN	ashley@gmail.com	A user logged in	f2f84222-b6be-4851-a471-ad18e8422c0a
20220419	10:07:05	INFO	LOGIN	ashley@gmail.com	A user logged in	38b8f073-febb-462a-92e3-39d17c9d637c
20220419	10:07:57	INFO	LOGIN	ashley@gmail.com	A user logged in	03db0a12-d9e0-42b9-acd0-e526188f8be3
20220419	10:12:09	INFO	LOGIN	ashley@gmail.com	A user logged in	171fc557-0740-478f-8301-57594fe856b4
20220419	10:13:12	INFO	LOGIN	ashley@gmail.com	A user logged in	1be7855e-dd7b-43b8-ba59-53c50a6ffe5a
20220419	10:13:26	INFO	LOGIN	ashley@gmail.com	A user logged in	26521afd-ec9b-4b52-9ac2-b96bbb064872
20220419	10:13:32	INFO	LOGIN	ashley@gmail.com	A user logged in	4baadad3-20e5-41ed-b1ce-4e121b9e7dd6
20220419	10:13:49	INFO	LOGIN	ashley@gmail.com	A user logged in	4bdd5440-920d-4243-9a14-d94e9d5e6495
20220419	10:15:35	INFO	LOGIN	ashley@gmail.com	A user logged in	2973d775-28d8-40b5-a8c2-6d602716390e
20220419	10:16:05	INFO	LOGIN	ashley@gmail.com	A user logged in	6a8a20a9-1452-4f29-9f0a-41c088b0a02c
20220419	10:16:20	INFO	LOGIN	ashley@gmail.com	A user logged in	52e837e9-4c03-4908-b9d6-64e6f6f9403f
20220419	10:16:27	INFO	LOGIN	ashley@gmail.com	A user logged in	c19c4be9-53db-4a9b-b854-2ae0562ba6e4
20220419	10:16:41	INFO	LOGIN	ashley@gmail.com	A user logged in	4d504245-b88e-472d-ab73-f09debfda437
20220419	10:17:41	INFO	LOGIN	ashley@gmail.com	A user logged in	f15f06ce-830b-4bd2-9e64-aa9a5c1c98c2
20220419	10:17:48	INFO	LOGIN	ashley@gmail.com	A user logged in	d6393b98-114f-4ebb-8cf1-6fd581eca56a
20220419	10:19:05	INFO	LOGIN	ashley@gmail.com	A user logged in	20e61cfa-d4f2-4d35-9bb1-b95d3f6ce8e9
20220419	10:21:06	INFO	LOGIN	ashley@gmail.com	A user logged in	e745712d-4026-4f48-91d1-f937ccc6cecb
20220419	10:21:22	INFO	LOGIN	ashley@gmail.com	A user logged in	a5bb43fe-6b72-477b-af47-20c148fbee14
20220419	10:21:45	INFO	LOGIN	ashley@gmail.com	A user logged in	95f6e0fc-731a-454c-a2be-857733306aa8
20220419	10:54:13	INFO	LOGIN	ashley@gmail.com	A user logged in	7fd8c950-2fb0-4278-a72a-b8335ca2320b
20220419	10:54:30	INFO	LOGIN	ashley@gmail.com	A user logged in	0e973820-cb48-45e6-a007-aaa32430f2a8
20220419	10:54:46	INFO	LOGIN	ashley@gmail.com	A user logged in	42adf35f-5402-4ef9-a05c-4104517e54e8
